{"/home/kuwood/projects/thinkful/shopping-list/server.js":{"path":"/home/kuwood/projects/thinkful/shopping-list/server.js","s":{"1":1,"2":1,"3":1,"4":1,"5":1,"6":1,"7":1,"8":4,"9":4,"10":4,"11":4,"12":1,"13":2,"14":2,"15":2,"16":2,"17":7,"18":7,"19":1,"20":1,"21":1,"22":6,"23":2,"24":1,"25":2,"26":2,"27":2,"28":2,"29":7,"30":7,"31":1,"32":1,"33":1,"34":6,"35":2,"36":1,"37":2,"38":1,"39":1,"40":1,"41":1,"42":1,"43":1,"44":1,"45":3,"46":1,"47":2,"48":2,"49":1,"50":1,"51":1,"52":1,"53":2,"54":1,"55":1,"56":1,"57":2,"58":1,"59":1,"60":1,"61":1,"62":1,"63":1,"64":1,"65":1,"66":1},"b":{"1":[1,6],"2":[1,6],"3":[1,1],"4":[1,1],"5":[1,1],"6":[1,1],"7":[1,1]},"f":{"1":1,"2":4,"3":2,"4":7,"5":2,"6":7,"7":3,"8":2,"9":2,"10":2},"fnMap":{"1":{"name":"(anonymous_1)","line":5,"loc":{"start":{"line":5,"column":14},"end":{"line":5,"column":25}}},"2":{"name":"(anonymous_2)","line":12,"loc":{"start":{"line":12,"column":24},"end":{"line":12,"column":39}}},"3":{"name":"(anonymous_3)","line":19,"loc":{"start":{"line":19,"column":27},"end":{"line":19,"column":44}}},"4":{"name":"(anonymous_4)","line":23,"loc":{"start":{"line":23,"column":16},"end":{"line":23,"column":44}}},"5":{"name":"(anonymous_5)","line":35,"loc":{"start":{"line":35,"column":27},"end":{"line":35,"column":48}}},"6":{"name":"(anonymous_6)","line":39,"loc":{"start":{"line":39,"column":16},"end":{"line":39,"column":44}}},"7":{"name":"(anonymous_7)","line":87,"loc":{"start":{"line":87,"column":18},"end":{"line":87,"column":37}}},"8":{"name":"(anonymous_8)","line":91,"loc":{"start":{"line":91,"column":31},"end":{"line":91,"column":50}}},"9":{"name":"(anonymous_9)","line":101,"loc":{"start":{"line":101,"column":25},"end":{"line":101,"column":44}}},"10":{"name":"(anonymous_10)","line":109,"loc":{"start":{"line":109,"column":34},"end":{"line":109,"column":53}}}},"statementMap":{"1":{"start":{"line":1,"column":0},"end":{"line":1,"column":33}},"2":{"start":{"line":2,"column":0},"end":{"line":2,"column":40}},"3":{"start":{"line":3,"column":0},"end":{"line":3,"column":35}},"4":{"start":{"line":5,"column":0},"end":{"line":10,"column":2}},"5":{"start":{"line":8,"column":4},"end":{"line":8,"column":20}},"6":{"start":{"line":9,"column":4},"end":{"line":9,"column":16}},"7":{"start":{"line":12,"column":0},"end":{"line":17,"column":2}},"8":{"start":{"line":13,"column":4},"end":{"line":13,"column":41}},"9":{"start":{"line":14,"column":4},"end":{"line":14,"column":26}},"10":{"start":{"line":15,"column":4},"end":{"line":15,"column":17}},"11":{"start":{"line":16,"column":4},"end":{"line":16,"column":16}},"12":{"start":{"line":19,"column":0},"end":{"line":33,"column":2}},"13":{"start":{"line":20,"column":4},"end":{"line":20,"column":27}},"14":{"start":{"line":21,"column":4},"end":{"line":21,"column":24}},"15":{"start":{"line":22,"column":4},"end":{"line":22,"column":24}},"16":{"start":{"line":23,"column":4},"end":{"line":31,"column":7}},"17":{"start":{"line":24,"column":6},"end":{"line":24,"column":38}},"18":{"start":{"line":25,"column":6},"end":{"line":29,"column":7}},"19":{"start":{"line":26,"column":8},"end":{"line":26,"column":31}},"20":{"start":{"line":27,"column":8},"end":{"line":27,"column":23}},"21":{"start":{"line":28,"column":8},"end":{"line":28,"column":21}},"22":{"start":{"line":30,"column":6},"end":{"line":30,"column":18}},"23":{"start":{"line":32,"column":4},"end":{"line":32,"column":19}},"24":{"start":{"line":35,"column":0},"end":{"line":52,"column":2}},"25":{"start":{"line":36,"column":4},"end":{"line":36,"column":27}},"26":{"start":{"line":37,"column":4},"end":{"line":37,"column":28}},"27":{"start":{"line":38,"column":4},"end":{"line":38,"column":24}},"28":{"start":{"line":39,"column":4},"end":{"line":47,"column":7}},"29":{"start":{"line":40,"column":6},"end":{"line":40,"column":42}},"30":{"start":{"line":41,"column":6},"end":{"line":45,"column":7}},"31":{"start":{"line":42,"column":8},"end":{"line":42,"column":42}},"32":{"start":{"line":43,"column":8},"end":{"line":43,"column":23}},"33":{"start":{"line":44,"column":8},"end":{"line":44,"column":21}},"34":{"start":{"line":46,"column":6},"end":{"line":46,"column":18}},"35":{"start":{"line":48,"column":4},"end":{"line":50,"column":5}},"36":{"start":{"line":49,"column":6},"end":{"line":49,"column":34}},"37":{"start":{"line":51,"column":4},"end":{"line":51,"column":19}},"38":{"start":{"line":77,"column":0},"end":{"line":77,"column":28}},"39":{"start":{"line":78,"column":0},"end":{"line":78,"column":27}},"40":{"start":{"line":79,"column":0},"end":{"line":79,"column":24}},"41":{"start":{"line":80,"column":0},"end":{"line":80,"column":23}},"42":{"start":{"line":84,"column":0},"end":{"line":84,"column":20}},"43":{"start":{"line":85,"column":0},"end":{"line":85,"column":34}},"44":{"start":{"line":87,"column":0},"end":{"line":89,"column":3}},"45":{"start":{"line":88,"column":4},"end":{"line":88,"column":28}},"46":{"start":{"line":91,"column":0},"end":{"line":99,"column":3}},"47":{"start":{"line":92,"column":4},"end":{"line":92,"column":52}},"48":{"start":{"line":93,"column":4},"end":{"line":95,"column":5}},"49":{"start":{"line":94,"column":8},"end":{"line":94,"column":35}},"50":{"start":{"line":97,"column":4},"end":{"line":97,"column":42}},"51":{"start":{"line":98,"column":4},"end":{"line":98,"column":31}},"52":{"start":{"line":101,"column":0},"end":{"line":107,"column":3}},"53":{"start":{"line":102,"column":4},"end":{"line":104,"column":5}},"54":{"start":{"line":103,"column":6},"end":{"line":103,"column":69}},"55":{"start":{"line":106,"column":4},"end":{"line":106,"column":24}},"56":{"start":{"line":109,"column":0},"end":{"line":115,"column":3}},"57":{"start":{"line":110,"column":4},"end":{"line":112,"column":5}},"58":{"start":{"line":111,"column":6},"end":{"line":111,"column":44}},"59":{"start":{"line":114,"column":4},"end":{"line":114,"column":35}},"60":{"start":{"line":116,"column":0},"end":{"line":116,"column":17}},"61":{"start":{"line":117,"column":0},"end":{"line":117,"column":21}},"62":{"start":{"line":118,"column":0},"end":{"line":118,"column":17}},"63":{"start":{"line":119,"column":0},"end":{"line":119,"column":17}},"64":{"start":{"line":121,"column":0},"end":{"line":121,"column":37}},"65":{"start":{"line":123,"column":0},"end":{"line":123,"column":18}},"66":{"start":{"line":124,"column":0},"end":{"line":124,"column":26}}},"branchMap":{"1":{"line":25,"type":"if","locations":[{"start":{"line":25,"column":6},"end":{"line":25,"column":6}},{"start":{"line":25,"column":6},"end":{"line":25,"column":6}}]},"2":{"line":41,"type":"if","locations":[{"start":{"line":41,"column":6},"end":{"line":41,"column":6}},{"start":{"line":41,"column":6},"end":{"line":41,"column":6}}]},"3":{"line":48,"type":"if","locations":[{"start":{"line":48,"column":4},"end":{"line":48,"column":4}},{"start":{"line":48,"column":4},"end":{"line":48,"column":4}}]},"4":{"line":93,"type":"if","locations":[{"start":{"line":93,"column":4},"end":{"line":93,"column":4}},{"start":{"line":93,"column":4},"end":{"line":93,"column":4}}]},"5":{"line":102,"type":"if","locations":[{"start":{"line":102,"column":4},"end":{"line":102,"column":4}},{"start":{"line":102,"column":4},"end":{"line":102,"column":4}}]},"6":{"line":110,"type":"if","locations":[{"start":{"line":110,"column":4},"end":{"line":110,"column":4}},{"start":{"line":110,"column":4},"end":{"line":110,"column":4}}]},"7":{"line":121,"type":"binary-expr","locations":[{"start":{"line":121,"column":11},"end":{"line":121,"column":27}},{"start":{"line":121,"column":31},"end":{"line":121,"column":35}}]}}}}