TN:
SF:/home/kuwood/projects/thinkful/shopping-list/server.js
FN:5,(anonymous_1)
FN:12,(anonymous_2)
FN:19,(anonymous_3)
FN:23,(anonymous_4)
FN:35,(anonymous_5)
FN:39,(anonymous_6)
FN:87,(anonymous_7)
FN:91,(anonymous_8)
FN:101,(anonymous_9)
FN:109,(anonymous_10)
FNF:10
FNH:10
FNDA:1,(anonymous_1)
FNDA:4,(anonymous_2)
FNDA:2,(anonymous_3)
FNDA:7,(anonymous_4)
FNDA:2,(anonymous_5)
FNDA:7,(anonymous_6)
FNDA:3,(anonymous_7)
FNDA:2,(anonymous_8)
FNDA:2,(anonymous_9)
FNDA:2,(anonymous_10)
DA:1,1
DA:2,1
DA:3,1
DA:5,1
DA:8,1
DA:9,1
DA:12,1
DA:13,4
DA:14,4
DA:15,4
DA:16,4
DA:19,1
DA:20,2
DA:21,2
DA:22,2
DA:23,2
DA:24,7
DA:25,7
DA:26,1
DA:27,1
DA:28,1
DA:30,6
DA:32,2
DA:35,1
DA:36,2
DA:37,2
DA:38,2
DA:39,2
DA:40,7
DA:41,7
DA:42,1
DA:43,1
DA:44,1
DA:46,6
DA:48,2
DA:49,1
DA:51,2
DA:77,1
DA:78,1
DA:79,1
DA:80,1
DA:84,1
DA:85,1
DA:87,1
DA:88,3
DA:91,1
DA:92,2
DA:93,2
DA:94,1
DA:97,1
DA:98,1
DA:101,1
DA:102,2
DA:103,1
DA:106,1
DA:109,1
DA:110,2
DA:111,1
DA:114,1
DA:116,1
DA:117,1
DA:118,1
DA:119,1
DA:121,1
DA:123,1
DA:124,1
LF:66
LH:66
BRDA:25,1,0,1
BRDA:25,1,1,6
BRDA:41,2,0,1
BRDA:41,2,1,6
BRDA:48,3,0,1
BRDA:48,3,1,1
BRDA:93,4,0,1
BRDA:93,4,1,1
BRDA:102,5,0,1
BRDA:102,5,1,1
BRDA:110,6,0,1
BRDA:110,6,1,1
BRDA:121,7,0,1
BRDA:121,7,1,1
BRF:14
BRH:14
end_of_record
